[INFO  - 2014-10-15T08:43:25.334Z] GhostDriver - Main - running on port 13429
[INFO  - 2014-10-15T08:43:25.796Z] Session [541263a0-5447-11e4-ad42-7f7665589634] - CONSTRUCTOR - Desired Capabilities: {"platform":"ANY","browserName":"phantomjs","version":""}
[INFO  - 2014-10-15T08:43:25.796Z] Session [541263a0-5447-11e4-ad42-7f7665589634] - CONSTRUCTOR - Negotiated Capabilities: {"browserName":"phantomjs","version":"1.9.0","driverName":"ghostdriver","driverVersion":"1.0.3","platform":"linux-unknown-64bit","javascriptEnabled":true,"takesScreenshot":true,"handlesAlerts":false,"databaseEnabled":false,"locationContextEnabled":false,"applicationCacheEnabled":false,"browserConnectionEnabled":false,"cssSelectorsEnabled":true,"webStorageEnabled":false,"rotatable":false,"acceptSslCerts":false,"nativeEvents":true,"proxy":{"proxyType":"direct"}}
[INFO  - 2014-10-15T08:43:25.797Z] SessionManagerReqHand - _postNewSessionCommand - New Session Created: 541263a0-5447-11e4-ad42-7f7665589634
[INFO  - 2014-10-15T08:43:42.070Z] ShutdownReqHand - _handle - About to shutdown
[INFO  - 2014-10-15T08:44:28.013Z] GhostDriver - Main - running on port 15280
[INFO  - 2014-10-15T08:44:28.599Z] Session [79822120-5447-11e4-955c-db3bba949eb3] - CONSTRUCTOR - Desired Capabilities: {"platform":"ANY","browserName":"phantomjs","version":""}
[INFO  - 2014-10-15T08:44:28.600Z] Session [79822120-5447-11e4-955c-db3bba949eb3] - CONSTRUCTOR - Negotiated Capabilities: {"browserName":"phantomjs","version":"1.9.0","driverName":"ghostdriver","driverVersion":"1.0.3","platform":"linux-unknown-64bit","javascriptEnabled":true,"takesScreenshot":true,"handlesAlerts":false,"databaseEnabled":false,"locationContextEnabled":false,"applicationCacheEnabled":false,"browserConnectionEnabled":false,"cssSelectorsEnabled":true,"webStorageEnabled":false,"rotatable":false,"acceptSslCerts":false,"nativeEvents":true,"proxy":{"proxyType":"direct"}}
[INFO  - 2014-10-15T08:44:28.600Z] SessionManagerReqHand - _postNewSessionCommand - New Session Created: 79822120-5447-11e4-955c-db3bba949eb3
[INFO  - 2014-10-15T08:44:38.037Z] ShutdownReqHand - _handle - About to shutdown
[INFO  - 2014-10-16T09:16:06.023Z] GhostDriver - Main - running on port 31730
[INFO  - 2014-10-16T09:16:06.694Z] Session [0f463110-5515-11e4-abfe-35651b599f5d] - CONSTRUCTOR - Desired Capabilities: {"platform":"ANY","browserName":"phantomjs","version":""}
[INFO  - 2014-10-16T09:16:06.694Z] Session [0f463110-5515-11e4-abfe-35651b599f5d] - CONSTRUCTOR - Negotiated Capabilities: {"browserName":"phantomjs","version":"1.9.0","driverName":"ghostdriver","driverVersion":"1.0.3","platform":"linux-unknown-64bit","javascriptEnabled":true,"takesScreenshot":true,"handlesAlerts":false,"databaseEnabled":false,"locationContextEnabled":false,"applicationCacheEnabled":false,"browserConnectionEnabled":false,"cssSelectorsEnabled":true,"webStorageEnabled":false,"rotatable":false,"acceptSslCerts":false,"nativeEvents":true,"proxy":{"proxyType":"direct"}}
[INFO  - 2014-10-16T09:16:06.694Z] SessionManagerReqHand - _postNewSessionCommand - New Session Created: 0f463110-5515-11e4-abfe-35651b599f5d
[INFO  - 2014-10-16T09:21:06.021Z] SessionManagerReqHand - _cleanupWindowlessSessions - Asynchronous Sessions clean-up phase starting NOW
[INFO  - 2014-10-16T09:24:07.597Z] GhostDriver - Main - running on port 19431
[INFO  - 2014-10-16T09:24:08.158Z] Session [2e3f9d80-5516-11e4-9614-3fd3fd3017fc] - CONSTRUCTOR - Desired Capabilities: {"platform":"ANY","browserName":"phantomjs","version":""}
[INFO  - 2014-10-16T09:24:08.158Z] Session [2e3f9d80-5516-11e4-9614-3fd3fd3017fc] - CONSTRUCTOR - Negotiated Capabilities: {"browserName":"phantomjs","version":"1.9.0","driverName":"ghostdriver","driverVersion":"1.0.3","platform":"linux-unknown-64bit","javascriptEnabled":true,"takesScreenshot":true,"handlesAlerts":false,"databaseEnabled":false,"locationContextEnabled":false,"applicationCacheEnabled":false,"browserConnectionEnabled":false,"cssSelectorsEnabled":true,"webStorageEnabled":false,"rotatable":false,"acceptSslCerts":false,"nativeEvents":true,"proxy":{"proxyType":"direct"}}
[INFO  - 2014-10-16T09:24:08.158Z] SessionManagerReqHand - _postNewSessionCommand - New Session Created: 2e3f9d80-5516-11e4-9614-3fd3fd3017fc
[INFO  - 2014-10-16T09:24:25.484Z] ShutdownReqHand - _handle - About to shutdown
[INFO  - 2014-10-16T09:24:53.179Z] GhostDriver - Main - running on port 24090
[INFO  - 2014-10-16T09:24:53.772Z] Session [49701080-5516-11e4-b1f6-1784a8fb94de] - CONSTRUCTOR - Desired Capabilities: {"platform":"ANY","browserName":"phantomjs","version":""}
[INFO  - 2014-10-16T09:24:53.773Z] Session [49701080-5516-11e4-b1f6-1784a8fb94de] - CONSTRUCTOR - Negotiated Capabilities: {"browserName":"phantomjs","version":"1.9.0","driverName":"ghostdriver","driverVersion":"1.0.3","platform":"linux-unknown-64bit","javascriptEnabled":true,"takesScreenshot":true,"handlesAlerts":false,"databaseEnabled":false,"locationContextEnabled":false,"applicationCacheEnabled":false,"browserConnectionEnabled":false,"cssSelectorsEnabled":true,"webStorageEnabled":false,"rotatable":false,"acceptSslCerts":false,"nativeEvents":true,"proxy":{"proxyType":"direct"}}
[INFO  - 2014-10-16T09:24:53.773Z] SessionManagerReqHand - _postNewSessionCommand - New Session Created: 49701080-5516-11e4-b1f6-1784a8fb94de
[INFO  - 2014-10-16T09:24:58.517Z] ShutdownReqHand - _handle - About to shutdown
[INFO  - 2014-10-16T09:28:25.114Z] GhostDriver - Main - running on port 6991
[INFO  - 2014-10-16T09:28:25.688Z] Session [c7bf6c10-5516-11e4-a89d-5551eddde883] - CONSTRUCTOR - Desired Capabilities: {"platform":"ANY","browserName":"phantomjs","version":""}
[INFO  - 2014-10-16T09:28:25.688Z] Session [c7bf6c10-5516-11e4-a89d-5551eddde883] - CONSTRUCTOR - Negotiated Capabilities: {"browserName":"phantomjs","version":"1.9.0","driverName":"ghostdriver","driverVersion":"1.0.3","platform":"linux-unknown-64bit","javascriptEnabled":true,"takesScreenshot":true,"handlesAlerts":false,"databaseEnabled":false,"locationContextEnabled":false,"applicationCacheEnabled":false,"browserConnectionEnabled":false,"cssSelectorsEnabled":true,"webStorageEnabled":false,"rotatable":false,"acceptSslCerts":false,"nativeEvents":true,"proxy":{"proxyType":"direct"}}
[INFO  - 2014-10-16T09:28:25.689Z] SessionManagerReqHand - _postNewSessionCommand - New Session Created: c7bf6c10-5516-11e4-a89d-5551eddde883
[INFO  - 2014-10-16T09:28:30.571Z] ShutdownReqHand - _handle - About to shutdown
[INFO  - 2014-10-17T07:22:05.083Z] GhostDriver - Main - running on port 4278
[INFO  - 2014-10-17T07:22:05.649Z] Session [4c1b77d0-55ce-11e4-9111-8d8712c3a54a] - CONSTRUCTOR - Desired Capabilities: {"proxy":{"httpProxy":"","noProxy":null,"socksUsername":null,"socksPassword":null,"ftpProxy":null,"sslProxy":null,"proxyAutoconfigUrl":null,"proxyType":"MANUAL","class":"org.openqa.selenium.Proxy","autodetect":false,"socksProxy":"127.0.0.1:1080","hCode":1004087995}}
[INFO  - 2014-10-17T07:22:05.649Z] Session [4c1b77d0-55ce-11e4-9111-8d8712c3a54a] - CONSTRUCTOR - Negotiated Capabilities: {"browserName":"phantomjs","version":"1.9.0","driverName":"ghostdriver","driverVersion":"1.0.3","platform":"linux-unknown-64bit","javascriptEnabled":true,"takesScreenshot":true,"handlesAlerts":false,"databaseEnabled":false,"locationContextEnabled":false,"applicationCacheEnabled":false,"browserConnectionEnabled":false,"cssSelectorsEnabled":true,"webStorageEnabled":false,"rotatable":false,"acceptSslCerts":false,"nativeEvents":true,"proxy":{"httpProxy":"","noProxy":null,"socksUsername":null,"socksPassword":null,"ftpProxy":null,"sslProxy":null,"proxyAutoconfigUrl":null,"proxyType":"MANUAL","class":"org.openqa.selenium.Proxy","autodetect":false,"socksProxy":"127.0.0.1:1080","hCode":1004087995}}
[INFO  - 2014-10-17T07:22:05.650Z] SessionManagerReqHand - _postNewSessionCommand - New Session Created: 4c1b77d0-55ce-11e4-9111-8d8712c3a54a
[INFO  - 2014-10-17T07:22:06.247Z] ShutdownReqHand - _handle - About to shutdown
[INFO  - 2014-10-17T07:26:34.332Z] GhostDriver - Main - running on port 23126
[INFO  - 2014-10-17T07:26:34.873Z] Session [ec93ca50-55ce-11e4-816a-651d94d95672] - CONSTRUCTOR - Desired Capabilities: {"proxy":{"httpProxy":"","noProxy":null,"socksUsername":null,"ftpProxy":null,"socksPassword":null,"sslProxy":null,"proxyAutoconfigUrl":null,"proxyType":"MANUAL","class":"org.openqa.selenium.Proxy","autodetect":false,"socksProxy":"127.0.0.1:1080","hCode":780433839}}
[INFO  - 2014-10-17T07:26:34.873Z] Session [ec93ca50-55ce-11e4-816a-651d94d95672] - CONSTRUCTOR - Negotiated Capabilities: {"browserName":"phantomjs","version":"1.9.0","driverName":"ghostdriver","driverVersion":"1.0.3","platform":"linux-unknown-64bit","javascriptEnabled":true,"takesScreenshot":true,"handlesAlerts":false,"databaseEnabled":false,"locationContextEnabled":false,"applicationCacheEnabled":false,"browserConnectionEnabled":false,"cssSelectorsEnabled":true,"webStorageEnabled":false,"rotatable":false,"acceptSslCerts":false,"nativeEvents":true,"proxy":{"httpProxy":"","noProxy":null,"socksUsername":null,"ftpProxy":null,"socksPassword":null,"sslProxy":null,"proxyAutoconfigUrl":null,"proxyType":"MANUAL","class":"org.openqa.selenium.Proxy","autodetect":false,"socksProxy":"127.0.0.1:1080","hCode":780433839}}
[INFO  - 2014-10-17T07:26:34.873Z] SessionManagerReqHand - _postNewSessionCommand - New Session Created: ec93ca50-55ce-11e4-816a-651d94d95672
[INFO  - 2014-10-17T07:26:35.468Z] ShutdownReqHand - _handle - About to shutdown
[INFO  - 2014-10-17T07:27:01.084Z] GhostDriver - Main - running on port 26271
[INFO  - 2014-10-17T07:27:01.669Z] Session [fc8becd0-55ce-11e4-8d00-ef79f24553ca] - CONSTRUCTOR - Desired Capabilities: {}
[INFO  - 2014-10-17T07:27:01.669Z] Session [fc8becd0-55ce-11e4-8d00-ef79f24553ca] - CONSTRUCTOR - Negotiated Capabilities: {"browserName":"phantomjs","version":"1.9.0","driverName":"ghostdriver","driverVersion":"1.0.3","platform":"linux-unknown-64bit","javascriptEnabled":true,"takesScreenshot":true,"handlesAlerts":false,"databaseEnabled":false,"locationContextEnabled":false,"applicationCacheEnabled":false,"browserConnectionEnabled":false,"cssSelectorsEnabled":true,"webStorageEnabled":false,"rotatable":false,"acceptSslCerts":false,"nativeEvents":true,"proxy":{"proxyType":"direct"}}
[INFO  - 2014-10-17T07:27:01.669Z] SessionManagerReqHand - _postNewSessionCommand - New Session Created: fc8becd0-55ce-11e4-8d00-ef79f24553ca
[INFO  - 2014-10-17T07:29:36.660Z] GhostDriver - Main - running on port 29021
[INFO  - 2014-10-17T07:29:37.234Z] Session [5945b7d0-55cf-11e4-af76-1b0ea963e57b] - CONSTRUCTOR - Desired Capabilities: {}
[INFO  - 2014-10-17T07:29:37.234Z] Session [5945b7d0-55cf-11e4-af76-1b0ea963e57b] - CONSTRUCTOR - Negotiated Capabilities: {"browserName":"phantomjs","version":"1.9.0","driverName":"ghostdriver","driverVersion":"1.0.3","platform":"linux-unknown-64bit","javascriptEnabled":true,"takesScreenshot":true,"handlesAlerts":false,"databaseEnabled":false,"locationContextEnabled":false,"applicationCacheEnabled":false,"browserConnectionEnabled":false,"cssSelectorsEnabled":true,"webStorageEnabled":false,"rotatable":false,"acceptSslCerts":false,"nativeEvents":true,"proxy":{"proxyType":"direct"}}
[INFO  - 2014-10-17T07:29:37.234Z] SessionManagerReqHand - _postNewSessionCommand - New Session Created: 5945b7d0-55cf-11e4-af76-1b0ea963e57b
[INFO  - 2014-10-17T07:30:43.824Z] GhostDriver - Main - running on port 22538
[INFO  - 2014-10-17T07:30:44.396Z] Session [814dac60-55cf-11e4-b739-83932c751611] - CONSTRUCTOR - Desired Capabilities: {"platform":"ANY","browserName":"phantomjs","version":""}
[INFO  - 2014-10-17T07:30:44.396Z] Session [814dac60-55cf-11e4-b739-83932c751611] - CONSTRUCTOR - Negotiated Capabilities: {"browserName":"phantomjs","version":"1.9.0","driverName":"ghostdriver","driverVersion":"1.0.3","platform":"linux-unknown-64bit","javascriptEnabled":true,"takesScreenshot":true,"handlesAlerts":false,"databaseEnabled":false,"locationContextEnabled":false,"applicationCacheEnabled":false,"browserConnectionEnabled":false,"cssSelectorsEnabled":true,"webStorageEnabled":false,"rotatable":false,"acceptSslCerts":false,"nativeEvents":true,"proxy":{"proxyType":"direct"}}
[INFO  - 2014-10-17T07:30:44.396Z] SessionManagerReqHand - _postNewSessionCommand - New Session Created: 814dac60-55cf-11e4-b739-83932c751611
[INFO  - 2014-10-17T07:32:13.953Z] GhostDriver - Main - running on port 19794
[INFO  - 2014-10-17T07:32:14.518Z] Session [b7058120-55cf-11e4-9bfc-23bff8487e97] - CONSTRUCTOR - Desired Capabilities: {"platform":"ANY","browserName":"phantomjs","version":""}
[INFO  - 2014-10-17T07:32:14.518Z] Session [b7058120-55cf-11e4-9bfc-23bff8487e97] - CONSTRUCTOR - Negotiated Capabilities: {"browserName":"phantomjs","version":"1.9.0","driverName":"ghostdriver","driverVersion":"1.0.3","platform":"linux-unknown-64bit","javascriptEnabled":true,"takesScreenshot":true,"handlesAlerts":false,"databaseEnabled":false,"locationContextEnabled":false,"applicationCacheEnabled":false,"browserConnectionEnabled":false,"cssSelectorsEnabled":true,"webStorageEnabled":false,"rotatable":false,"acceptSslCerts":false,"nativeEvents":true,"proxy":{"proxyType":"direct"}}
[INFO  - 2014-10-17T07:32:14.518Z] SessionManagerReqHand - _postNewSessionCommand - New Session Created: b7058120-55cf-11e4-9bfc-23bff8487e97
[INFO  - 2014-10-17T07:32:14.927Z] ShutdownReqHand - _handle - About to shutdown
[INFO  - 2014-10-17T07:32:44.949Z] GhostDriver - Main - running on port 8417
[INFO  - 2014-10-17T07:32:45.506Z] Session [c97de5e0-55cf-11e4-9e01-afb95cdce922] - CONSTRUCTOR - Desired Capabilities: {"proxy":{"httpProxy":"","noProxy":null,"socksUsername":null,"ftpProxy":null,"socksPassword":null,"sslProxy":null,"proxyAutoconfigUrl":null,"proxyType":"MANUAL","class":"org.openqa.selenium.Proxy","autodetect":false,"socksProxy":"127.0.0.1:1080","hCode":780433839}}
[INFO  - 2014-10-17T07:32:45.506Z] Session [c97de5e0-55cf-11e4-9e01-afb95cdce922] - CONSTRUCTOR - Negotiated Capabilities: {"browserName":"phantomjs","version":"1.9.0","driverName":"ghostdriver","driverVersion":"1.0.3","platform":"linux-unknown-64bit","javascriptEnabled":true,"takesScreenshot":true,"handlesAlerts":false,"databaseEnabled":false,"locationContextEnabled":false,"applicationCacheEnabled":false,"browserConnectionEnabled":false,"cssSelectorsEnabled":true,"webStorageEnabled":false,"rotatable":false,"acceptSslCerts":false,"nativeEvents":true,"proxy":{"httpProxy":"","noProxy":null,"socksUsername":null,"ftpProxy":null,"socksPassword":null,"sslProxy":null,"proxyAutoconfigUrl":null,"proxyType":"MANUAL","class":"org.openqa.selenium.Proxy","autodetect":false,"socksProxy":"127.0.0.1:1080","hCode":780433839}}
[INFO  - 2014-10-17T07:32:45.506Z] SessionManagerReqHand - _postNewSessionCommand - New Session Created: c97de5e0-55cf-11e4-9e01-afb95cdce922
[INFO  - 2014-10-17T07:32:46.303Z] ShutdownReqHand - _handle - About to shutdown
[INFO  - 2014-10-17T07:33:44.724Z] GhostDriver - Main - running on port 3797
[INFO  - 2014-10-17T07:33:45.294Z] Session [ed203660-55cf-11e4-b4eb-df5d041de8e4] - CONSTRUCTOR - Desired Capabilities: {"proxy":{"httpProxy":"","socksUsername":"jasstion","noProxy":null,"socksPassword":"5769358","ftpProxy":null,"sslProxy":null,"proxyAutoconfigUrl":null,"proxyType":"MANUAL","class":"org.openqa.selenium.Proxy","autodetect":false,"socksProxy":"127.0.0.1:1080","hCode":2091949531}}
[INFO  - 2014-10-17T07:33:45.294Z] Session [ed203660-55cf-11e4-b4eb-df5d041de8e4] - CONSTRUCTOR - Negotiated Capabilities: {"browserName":"phantomjs","version":"1.9.0","driverName":"ghostdriver","driverVersion":"1.0.3","platform":"linux-unknown-64bit","javascriptEnabled":true,"takesScreenshot":true,"handlesAlerts":false,"databaseEnabled":false,"locationContextEnabled":false,"applicationCacheEnabled":false,"browserConnectionEnabled":false,"cssSelectorsEnabled":true,"webStorageEnabled":false,"rotatable":false,"acceptSslCerts":false,"nativeEvents":true,"proxy":{"httpProxy":"","socksUsername":"jasstion","noProxy":null,"socksPassword":"5769358","ftpProxy":null,"sslProxy":null,"proxyAutoconfigUrl":null,"proxyType":"MANUAL","class":"org.openqa.selenium.Proxy","autodetect":false,"socksProxy":"127.0.0.1:1080","hCode":2091949531}}
[INFO  - 2014-10-17T07:33:45.294Z] SessionManagerReqHand - _postNewSessionCommand - New Session Created: ed203660-55cf-11e4-b4eb-df5d041de8e4
[INFO  - 2014-10-17T07:33:45.987Z] ShutdownReqHand - _handle - About to shutdown
[INFO  - 2014-10-17T07:36:24.066Z] GhostDriver - Main - running on port 14617
[INFO  - 2014-10-17T07:36:24.646Z] Session [4c1c0220-55d0-11e4-85ee-3930fda0b1ab] - CONSTRUCTOR - Desired Capabilities: {"proxy":{"httpProxy":"","noProxy":null,"socksUsername":null,"ftpProxy":null,"socksPassword":null,"sslProxy":null,"proxyAutoconfigUrl":null,"proxyType":"MANUAL","class":"org.openqa.selenium.Proxy","autodetect":false,"socksProxy":"localhost:1080","hCode":780433839}}
[INFO  - 2014-10-17T07:36:24.646Z] Session [4c1c0220-55d0-11e4-85ee-3930fda0b1ab] - CONSTRUCTOR - Negotiated Capabilities: {"browserName":"phantomjs","version":"1.9.0","driverName":"ghostdriver","driverVersion":"1.0.3","platform":"linux-unknown-64bit","javascriptEnabled":true,"takesScreenshot":true,"handlesAlerts":false,"databaseEnabled":false,"locationContextEnabled":false,"applicationCacheEnabled":false,"browserConnectionEnabled":false,"cssSelectorsEnabled":true,"webStorageEnabled":false,"rotatable":false,"acceptSslCerts":false,"nativeEvents":true,"proxy":{"httpProxy":"","noProxy":null,"socksUsername":null,"ftpProxy":null,"socksPassword":null,"sslProxy":null,"proxyAutoconfigUrl":null,"proxyType":"MANUAL","class":"org.openqa.selenium.Proxy","autodetect":false,"socksProxy":"localhost:1080","hCode":780433839}}
[INFO  - 2014-10-17T07:36:24.646Z] SessionManagerReqHand - _postNewSessionCommand - New Session Created: 4c1c0220-55d0-11e4-85ee-3930fda0b1ab
[INFO  - 2014-10-17T07:36:25.244Z] ShutdownReqHand - _handle - About to shutdown
[INFO  - 2014-10-17T07:37:11.696Z] GhostDriver - Main - running on port 12710
[INFO  - 2014-10-17T07:37:12.273Z] Session [687f28c0-55d0-11e4-8559-51291aa36cf6] - CONSTRUCTOR - Desired Capabilities: {}
[INFO  - 2014-10-17T07:37:12.274Z] Session [687f28c0-55d0-11e4-8559-51291aa36cf6] - CONSTRUCTOR - Negotiated Capabilities: {"browserName":"phantomjs","version":"1.9.0","driverName":"ghostdriver","driverVersion":"1.0.3","platform":"linux-unknown-64bit","javascriptEnabled":true,"takesScreenshot":true,"handlesAlerts":false,"databaseEnabled":false,"locationContextEnabled":false,"applicationCacheEnabled":false,"browserConnectionEnabled":false,"cssSelectorsEnabled":true,"webStorageEnabled":false,"rotatable":false,"acceptSslCerts":false,"nativeEvents":true,"proxy":{"proxyType":"direct"}}
[INFO  - 2014-10-17T07:37:12.274Z] SessionManagerReqHand - _postNewSessionCommand - New Session Created: 687f28c0-55d0-11e4-8559-51291aa36cf6
[INFO  - 2014-10-17T07:41:20.478Z] GhostDriver - Main - running on port 17110
[INFO  - 2014-10-17T07:41:21.065Z] Session [fcc93200-55d0-11e4-95d5-1f334c3fd6d4] - CONSTRUCTOR - Desired Capabilities: {}
[INFO  - 2014-10-17T07:41:21.065Z] Session [fcc93200-55d0-11e4-95d5-1f334c3fd6d4] - CONSTRUCTOR - Negotiated Capabilities: {"browserName":"phantomjs","version":"1.9.0","driverName":"ghostdriver","driverVersion":"1.0.3","platform":"linux-unknown-64bit","javascriptEnabled":true,"takesScreenshot":true,"handlesAlerts":false,"databaseEnabled":false,"locationContextEnabled":false,"applicationCacheEnabled":false,"browserConnectionEnabled":false,"cssSelectorsEnabled":true,"webStorageEnabled":false,"rotatable":false,"acceptSslCerts":false,"nativeEvents":true,"proxy":{"proxyType":"direct"}}
[INFO  - 2014-10-17T07:41:21.065Z] SessionManagerReqHand - _postNewSessionCommand - New Session Created: fcc93200-55d0-11e4-95d5-1f334c3fd6d4
[INFO  - 2014-10-17T07:42:28.638Z] ShutdownReqHand - _handle - About to shutdown
[INFO  - 2014-10-26T06:17:56.406Z] GhostDriver - Main - running on port 22878
[INFO  - 2014-10-26T06:17:56.656Z] Session [d3a557b0-5cd7-11e4-99ab-71ddf508d1da] - CONSTRUCTOR - Desired Capabilities: {}
[INFO  - 2014-10-26T06:17:56.656Z] Session [d3a557b0-5cd7-11e4-99ab-71ddf508d1da] - CONSTRUCTOR - Negotiated Capabilities: {"browserName":"phantomjs","version":"1.9.0","driverName":"ghostdriver","driverVersion":"1.0.3","platform":"linux-unknown-64bit","javascriptEnabled":true,"takesScreenshot":true,"handlesAlerts":false,"databaseEnabled":false,"locationContextEnabled":false,"applicationCacheEnabled":false,"browserConnectionEnabled":false,"cssSelectorsEnabled":true,"webStorageEnabled":false,"rotatable":false,"acceptSslCerts":false,"nativeEvents":true,"proxy":{"proxyType":"direct"}}
[INFO  - 2014-10-26T06:17:56.656Z] SessionManagerReqHand - _postNewSessionCommand - New Session Created: d3a557b0-5cd7-11e4-99ab-71ddf508d1da
